0 info it worked if it ends with ok
1 verbose cli [ 'node', '/usr/local/bin/npm', 'i', 'client-session' ]
2 info using npm@2.10.1
3 info using node@v0.12.4
4 verbose node symlink /usr/local/bin/node
5 verbose install initial load of /Users/mac/work/sov_ist/package.json
6 verbose installManyTop reading scoped package data from /Users/mac/work/sov_ist/node_modules/accepts/package.json
7 verbose installManyTop reading scoped package data from /Users/mac/work/sov_ist/node_modules/async/package.json
8 verbose installManyTop reading scoped package data from /Users/mac/work/sov_ist/node_modules/body-parser/package.json
9 verbose installManyTop reading scoped package data from /Users/mac/work/sov_ist/node_modules/connect-mongo/package.json
10 verbose installManyTop reading scoped package data from /Users/mac/work/sov_ist/node_modules/cookie-parser/package.json
11 verbose installManyTop reading scoped package data from /Users/mac/work/sov_ist/node_modules/del/package.json
12 verbose installManyTop reading scoped package data from /Users/mac/work/sov_ist/node_modules/express/package.json
13 verbose installManyTop reading scoped package data from /Users/mac/work/sov_ist/node_modules/express-session/package.json
14 verbose installManyTop reading scoped package data from /Users/mac/work/sov_ist/node_modules/gm/package.json
15 verbose installManyTop reading scoped package data from /Users/mac/work/sov_ist/node_modules/gulp/package.json
16 verbose installManyTop reading scoped package data from /Users/mac/work/sov_ist/node_modules/gulp-autoprefixer/package.json
17 verbose installManyTop reading scoped package data from /Users/mac/work/sov_ist/node_modules/gulp-jshint/package.json
18 verbose installManyTop reading scoped package data from /Users/mac/work/sov_ist/node_modules/gulp-nodemon/package.json
19 verbose installManyTop reading scoped package data from /Users/mac/work/sov_ist/node_modules/gulp-stylus/package.json
20 verbose installManyTop reading scoped package data from /Users/mac/work/sov_ist/node_modules/gulp-uglify/package.json
21 verbose installManyTop reading scoped package data from /Users/mac/work/sov_ist/node_modules/i18n/package.json
22 verbose installManyTop reading scoped package data from /Users/mac/work/sov_ist/node_modules/jade/package.json
23 verbose installManyTop reading scoped package data from /Users/mac/work/sov_ist/node_modules/jshint-stylish/package.json
24 verbose installManyTop reading scoped package data from /Users/mac/work/sov_ist/node_modules/method-override/package.json
25 verbose installManyTop reading scoped package data from /Users/mac/work/sov_ist/node_modules/mkdirp/package.json
26 verbose installManyTop reading scoped package data from /Users/mac/work/sov_ist/node_modules/mongoose/package.json
27 verbose installManyTop reading scoped package data from /Users/mac/work/sov_ist/node_modules/mongoose-bcrypt/package.json
28 verbose installManyTop reading scoped package data from /Users/mac/work/sov_ist/node_modules/mongoose-locale/package.json
29 verbose installManyTop reading scoped package data from /Users/mac/work/sov_ist/node_modules/multer/package.json
30 verbose installManyTop reading scoped package data from /Users/mac/work/sov_ist/node_modules/touch/package.json
31 info package.json connect-mongo@0.8.1 No license field.
32 info package.json gulp-stylus@1.3.7 No license field.
33 info package.json i18n@0.5.0 No license field.
34 info package.json mongoose-locale@1.0.5 No license field.
35 verbose readDependencies loading dependencies from /Users/mac/work/sov_ist/package.json
36 silly cache add args [ 'client-session', null ]
37 verbose cache add spec client-session
38 silly cache add parsed spec { raw: 'client-session',
38 silly cache add   scope: null,
38 silly cache add   name: 'client-session',
38 silly cache add   rawSpec: '',
38 silly cache add   spec: '*',
38 silly cache add   type: 'range' }
39 silly addNamed client-session@*
40 verbose addNamed "*" is a valid semver range for client-session
41 silly addNameRange { name: 'client-session', range: '*', hasData: false }
42 silly mapToRegistry name client-session
43 silly mapToRegistry using default registry
44 silly mapToRegistry registry https://registry.npmjs.org/
45 silly mapToRegistry uri https://registry.npmjs.org/client-session
46 verbose addNameRange registry:https://registry.npmjs.org/client-session not in flight; fetching
47 verbose request uri https://registry.npmjs.org/client-session
48 verbose request no auth needed
49 info attempt registry request try #1 at 17:30:40
50 verbose request id 85ac05e94447eaee
51 http request GET https://registry.npmjs.org/client-session
52 http 200 https://registry.npmjs.org/client-session
53 silly get cb [ 200,
53 silly get   { server: 'CouchDB/1.5.0 (Erlang OTP/R16B03)',
53 silly get     etag: '"7HTRLYW0HSL72KQL95UKO9Q4R"',
53 silly get     'content-type': 'application/json',
53 silly get     'cache-control': 'max-age=60',
53 silly get     'content-length': '17824',
53 silly get     'accept-ranges': 'bytes',
53 silly get     date: 'Wed, 16 Sep 2015 14:30:41 GMT',
53 silly get     via: '1.1 varnish',
53 silly get     age: '0',
53 silly get     connection: 'keep-alive',
53 silly get     'x-served-by': 'cache-ams4126-AMS',
53 silly get     'x-cache': 'MISS',
53 silly get     'x-cache-hits': '0',
53 silly get     'x-timer': 'S1442413840.560498,VS0,VE850',
53 silly get     vary: 'Accept' } ]
54 verbose get saving client-session to /Users/mac/.npm/registry.npmjs.org/client-session/.cache.json
55 silly addNameRange number 2 { name: 'client-session', range: '*', hasData: true }
56 silly addNameRange versions [ 'client-session',
56 silly addNameRange   [ '0.1.0',
56 silly addNameRange     '0.1.1',
56 silly addNameRange     '0.1.2',
56 silly addNameRange     '0.1.3',
56 silly addNameRange     '0.1.4',
56 silly addNameRange     '0.1.5',
56 silly addNameRange     '0.1.6',
56 silly addNameRange     '0.1.7' ] ]
57 silly addNamed client-session@0.1.7
58 verbose addNamed "0.1.7" is a plain semver version for client-session
59 silly mapToRegistry name client-session
60 silly mapToRegistry using default registry
61 silly mapToRegistry registry https://registry.npmjs.org/
62 silly mapToRegistry uri https://registry.npmjs.org/client-session
63 verbose addRemoteTarball https://registry.npmjs.org/client-session/-/client-session-0.1.7.tgz not in flight; adding
64 verbose addRemoteTarball [ 'https://registry.npmjs.org/client-session/-/client-session-0.1.7.tgz',
64 verbose addRemoteTarball   'ca72caddeb4b59d55930b92a3f6f971ce0279184' ]
65 info retry fetch attempt 1 at 17:30:41
66 info attempt registry request try #1 at 17:30:41
67 http fetch GET https://registry.npmjs.org/client-session/-/client-session-0.1.7.tgz
68 http fetch 200 https://registry.npmjs.org/client-session/-/client-session-0.1.7.tgz
69 silly fetchAndShaCheck shasum ca72caddeb4b59d55930b92a3f6f971ce0279184
70 verbose addTmpTarball /var/folders/mb/0zjb18bx0vd55k_0cnczrkg80000gn/T/npm-17164-da84c890/registry.npmjs.org/client-session/-/client-session-0.1.7.tgz not in flight; adding
71 verbose addTmpTarball already have metadata; skipping unpack for client-session@0.1.7
72 silly cache afterAdd client-session@0.1.7
73 verbose afterAdd /Users/mac/.npm/client-session/0.1.7/package/package.json not in flight; writing
74 verbose afterAdd /Users/mac/.npm/client-session/0.1.7/package/package.json written
75 silly install resolved [ { author:
75 silly install resolved      { name: 'doublespout',
75 silly install resolved        email: 'snoopyxdy@163.com',
75 silly install resolved        url: 'http://snoopyxdy.blog.163.com' },
75 silly install resolved     name: 'client-session',
75 silly install resolved     description: 'cookie session for nodejs, store session in client browers\'s cookie, support Cross Process session without database store',
75 silly install resolved     keywords:
75 silly install resolved      [ 'cookie session',
75 silly install resolved        'cookie',
75 silly install resolved        'session',
75 silly install resolved        'client session',
75 silly install resolved        'cookie',
75 silly install resolved        'process',
75 silly install resolved        'Cross Process' ],
75 silly install resolved     version: '0.1.7',
75 silly install resolved     url: 'https://github.com/DoubleSpout/nodeClientSession',
75 silly install resolved     homepage: 'https://github.com/DoubleSpout/nodeClientSession',
75 silly install resolved     repository:
75 silly install resolved      { type: 'git',
75 silly install resolved        url: 'https://github.com/DoubleSpout/nodeClientSession.git' },
75 silly install resolved     main: 'index.js',
75 silly install resolved     engines: { node: '>=0.10.0' },
75 silly install resolved     dependencies: { cookie: '0.1.2' },
75 silly install resolved     scripts: { install: 'node-gyp rebuild', tset: 'node ./test/main.js' },
75 silly install resolved     gypfile: true,
75 silly install resolved     bugs: { url: 'https://github.com/DoubleSpout/nodeClientSession/issues' },
75 silly install resolved     _id: 'client-session@0.1.7',
75 silly install resolved     dist:
75 silly install resolved      { shasum: 'ca72caddeb4b59d55930b92a3f6f971ce0279184',
75 silly install resolved        tarball: 'http://registry.npmjs.org/client-session/-/client-session-0.1.7.tgz' },
75 silly install resolved     _from: 'client-session@*',
75 silly install resolved     _npmVersion: '1.4.3',
75 silly install resolved     _npmUser: { name: 'doublespout', email: 'snoopyxdy@gmail.com' },
75 silly install resolved     maintainers: [ [Object] ],
75 silly install resolved     directories: {},
75 silly install resolved     _shasum: 'ca72caddeb4b59d55930b92a3f6f971ce0279184',
75 silly install resolved     _resolved: 'https://registry.npmjs.org/client-session/-/client-session-0.1.7.tgz' } ]
76 info install client-session@0.1.7 into /Users/mac/work/sov_ist
77 info installOne client-session@0.1.7
78 verbose installOne of client-session to /Users/mac/work/sov_ist not in flight; installing
79 verbose lock using /Users/mac/.npm/_locks/client-session-a579a4a3c7bd8c31.lock for /Users/mac/work/sov_ist/node_modules/client-session
80 silly install write writing client-session 0.1.7 to /Users/mac/work/sov_ist/node_modules/client-session
81 verbose unbuild node_modules/client-session
82 silly gentlyRm /Users/mac/work/sov_ist/node_modules/client-session is being purged from base /Users/mac/work/sov_ist
83 verbose gentlyRm don't care about contents; nuking /Users/mac/work/sov_ist/node_modules/client-session
84 verbose tar unpack /Users/mac/.npm/client-session/0.1.7/package.tgz
85 verbose tar unpacking to /Users/mac/work/sov_ist/node_modules/client-session
86 silly gentlyRm /Users/mac/work/sov_ist/node_modules/client-session is being purged
87 verbose gentlyRm don't care about contents; nuking /Users/mac/work/sov_ist/node_modules/client-session
88 silly gunzTarPerm modes [ '755', '644' ]
89 silly gunzTarPerm extractEntry package.json
90 silly gunzTarPerm modified mode [ 'package.json', 438, 420 ]
91 silly gunzTarPerm extractEntry .npmignore
92 silly gunzTarPerm modified mode [ '.npmignore', 438, 420 ]
93 silly gunzTarPerm extractEntry README.md
94 silly gunzTarPerm modified mode [ 'README.md', 438, 420 ]
95 silly gunzTarPerm extractEntry index.js
96 silly gunzTarPerm modified mode [ 'index.js', 438, 420 ]
97 silly gunzTarPerm extractEntry binding.gyp
98 silly gunzTarPerm modified mode [ 'binding.gyp', 438, 420 ]
99 silly gunzTarPerm extractEntry example/multi_process_node.js
100 silly gunzTarPerm modified mode [ 'example/multi_process_node.js', 438, 420 ]
101 silly gunzTarPerm extractEntry example/one_process_express.js
102 silly gunzTarPerm modified mode [ 'example/one_process_express.js', 438, 420 ]
103 silly gunzTarPerm extractEntry example/one_process_node.js
104 silly gunzTarPerm modified mode [ 'example/one_process_node.js', 438, 420 ]
105 silly gunzTarPerm extractEntry example/redirect_node.js
106 silly gunzTarPerm modified mode [ 'example/redirect_node.js', 438, 420 ]
107 silly gunzTarPerm extractEntry example/simple.js
108 silly gunzTarPerm modified mode [ 'example/simple.js', 438, 420 ]
109 silly gunzTarPerm extractEntry example/simple_express.js
110 silly gunzTarPerm modified mode [ 'example/simple_express.js', 438, 420 ]
111 silly gunzTarPerm extractEntry example/1.txt
112 silly gunzTarPerm modified mode [ 'example/1.txt', 438, 420 ]
113 silly gunzTarPerm extractEntry .travis.yml
114 silly gunzTarPerm modified mode [ '.travis.yml', 438, 420 ]
115 silly gunzTarPerm extractEntry lib/client_session.js
116 silly gunzTarPerm modified mode [ 'lib/client_session.js', 438, 420 ]
117 silly gunzTarPerm extractEntry benchmark/benchmark_clinet_session_express.js
118 silly gunzTarPerm modified mode [ 'benchmark/benchmark_clinet_session_express.js', 438, 420 ]
119 silly gunzTarPerm extractEntry benchmark/benchmark_redis_session_express.js
120 silly gunzTarPerm modified mode [ 'benchmark/benchmark_redis_session_express.js', 438, 420 ]
121 silly gunzTarPerm extractEntry src/base64.cpp
122 silly gunzTarPerm modified mode [ 'src/base64.cpp', 438, 420 ]
123 silly gunzTarPerm extractEntry src/base64.h
124 silly gunzTarPerm modified mode [ 'src/base64.h', 438, 420 ]
125 silly gunzTarPerm extractEntry src/client_session_class.cpp
126 silly gunzTarPerm modified mode [ 'src/client_session_class.cpp', 438, 420 ]
127 silly gunzTarPerm extractEntry src/client_session_class.h
128 silly gunzTarPerm modified mode [ 'src/client_session_class.h', 438, 420 ]
129 silly gunzTarPerm extractEntry src/clientsession.cpp
130 silly gunzTarPerm modified mode [ 'src/clientsession.cpp', 438, 420 ]
131 silly gunzTarPerm extractEntry src/main.cpp
132 silly gunzTarPerm modified mode [ 'src/main.cpp', 438, 420 ]
133 silly gunzTarPerm extractEntry src/md5.cpp
134 silly gunzTarPerm modified mode [ 'src/md5.cpp', 438, 420 ]
135 silly gunzTarPerm extractEntry src/md5.h
136 silly gunzTarPerm modified mode [ 'src/md5.h', 438, 420 ]
137 silly gunzTarPerm extractEntry src/modp_base64/modp_b64.cc
138 silly gunzTarPerm modified mode [ 'src/modp_base64/modp_b64.cc', 438, 420 ]
139 silly gunzTarPerm extractEntry src/modp_base64/modp_b64.h
140 silly gunzTarPerm modified mode [ 'src/modp_base64/modp_b64.h', 438, 420 ]
141 silly gunzTarPerm extractEntry src/modp_base64/modp_b64_data.h
142 silly gunzTarPerm modified mode [ 'src/modp_base64/modp_b64_data.h', 438, 420 ]
143 silly gunzTarPerm extractEntry test/main.js
144 silly gunzTarPerm modified mode [ 'test/main.js', 438, 420 ]
145 silly gunzTarPerm extractEntry vendor.yml
146 silly gunzTarPerm modified mode [ 'vendor.yml', 438, 420 ]
147 verbose write writing to /Users/mac/work/sov_ist/node_modules/client-session/package.json
148 info preinstall client-session@0.1.7
149 verbose readDependencies loading dependencies from /Users/mac/work/sov_ist/node_modules/client-session/package.json
150 silly prepareForInstallMany adding cookie@0.1.2 from client-session dependencies
151 verbose readDependencies loading dependencies from /Users/mac/work/sov_ist/node_modules/client-session/package.json
152 silly cache add args [ 'cookie@0.1.2', null ]
153 verbose cache add spec cookie@0.1.2
154 silly cache add parsed spec { raw: 'cookie@0.1.2',
154 silly cache add   scope: null,
154 silly cache add   name: 'cookie',
154 silly cache add   rawSpec: '0.1.2',
154 silly cache add   spec: '0.1.2',
154 silly cache add   type: 'version' }
155 silly addNamed cookie@0.1.2
156 verbose addNamed "0.1.2" is a plain semver version for cookie
157 silly mapToRegistry name cookie
158 silly mapToRegistry using default registry
159 silly mapToRegistry registry https://registry.npmjs.org/
160 silly mapToRegistry uri https://registry.npmjs.org/cookie
161 verbose addNameVersion registry:https://registry.npmjs.org/cookie not in flight; fetching
162 verbose request uri https://registry.npmjs.org/cookie
163 verbose request no auth needed
164 info attempt registry request try #1 at 17:30:42
165 verbose etag "46FHXPW0W4KBEZABI1BY5ZIQF"
166 http request GET https://registry.npmjs.org/cookie
167 http 200 https://registry.npmjs.org/cookie
168 silly get cb [ 200,
168 silly get   { server: 'CouchDB/1.5.0 (Erlang OTP/R16B03)',
168 silly get     etag: '"7GD349P27PNIM642M2EP0Y1VV"',
168 silly get     'content-type': 'application/json',
168 silly get     'cache-control': 'max-age=60',
168 silly get     'content-length': '14215',
168 silly get     'accept-ranges': 'bytes',
168 silly get     date: 'Wed, 16 Sep 2015 14:30:42 GMT',
168 silly get     via: '1.1 varnish',
168 silly get     age: '58',
168 silly get     connection: 'keep-alive',
168 silly get     'x-served-by': 'cache-ams4136-AMS',
168 silly get     'x-cache': 'HIT',
168 silly get     'x-cache-hits': '1',
168 silly get     'x-timer': 'S1442413842.755463,VS0,VE0',
168 silly get     vary: 'Accept' } ]
169 verbose get saving cookie to /Users/mac/.npm/registry.npmjs.org/cookie/.cache.json
170 silly mapToRegistry name cookie
171 silly mapToRegistry using default registry
172 silly mapToRegistry registry https://registry.npmjs.org/
173 silly mapToRegistry uri https://registry.npmjs.org/cookie
174 verbose addRemoteTarball https://registry.npmjs.org/cookie/-/cookie-0.1.2.tgz not in flight; adding
175 verbose addRemoteTarball [ 'https://registry.npmjs.org/cookie/-/cookie-0.1.2.tgz',
175 verbose addRemoteTarball   '72fec3d24e48a3432073d90c12642005061004b1' ]
176 info retry fetch attempt 1 at 17:30:42
177 info attempt registry request try #1 at 17:30:42
178 http fetch GET https://registry.npmjs.org/cookie/-/cookie-0.1.2.tgz
179 http fetch 200 https://registry.npmjs.org/cookie/-/cookie-0.1.2.tgz
180 silly fetchAndShaCheck shasum 72fec3d24e48a3432073d90c12642005061004b1
181 verbose addTmpTarball /var/folders/mb/0zjb18bx0vd55k_0cnczrkg80000gn/T/npm-17164-da84c890/registry.npmjs.org/cookie/-/cookie-0.1.2.tgz not in flight; adding
182 verbose addTmpTarball already have metadata; skipping unpack for cookie@0.1.2
183 silly cache afterAdd cookie@0.1.2
184 verbose afterAdd /Users/mac/.npm/cookie/0.1.2/package/package.json not in flight; writing
185 verbose afterAdd /Users/mac/.npm/cookie/0.1.2/package/package.json written
186 silly install resolved [ { author: { name: 'Roman Shtylman', email: 'shtylman@gmail.com' },
186 silly install resolved     name: 'cookie',
186 silly install resolved     description: 'cookie parsing and serialization',
186 silly install resolved     version: '0.1.2',
186 silly install resolved     repository:
186 silly install resolved      { type: 'git',
186 silly install resolved        url: 'git://github.com/shtylman/node-cookie.git' },
186 silly install resolved     keywords: [ 'cookie', 'cookies' ],
186 silly install resolved     main: 'index.js',
186 silly install resolved     scripts: { test: 'mocha' },
186 silly install resolved     dependencies: {},
186 silly install resolved     devDependencies: { mocha: '1.x.x' },
186 silly install resolved     optionalDependencies: {},
186 silly install resolved     engines: { node: '*' },
186 silly install resolved     bugs: { url: 'https://github.com/shtylman/node-cookie/issues' },
186 silly install resolved     homepage: 'https://github.com/shtylman/node-cookie',
186 silly install resolved     _id: 'cookie@0.1.2',
186 silly install resolved     dist:
186 silly install resolved      { shasum: '72fec3d24e48a3432073d90c12642005061004b1',
186 silly install resolved        tarball: 'http://registry.npmjs.org/cookie/-/cookie-0.1.2.tgz' },
186 silly install resolved     _from: 'cookie@0.1.2',
186 silly install resolved     _npmVersion: '1.4.6',
186 silly install resolved     _npmUser: { name: 'shtylman', email: 'shtylman@gmail.com' },
186 silly install resolved     maintainers: [ [Object] ],
186 silly install resolved     directories: {},
186 silly install resolved     _shasum: '72fec3d24e48a3432073d90c12642005061004b1',
186 silly install resolved     _resolved: 'https://registry.npmjs.org/cookie/-/cookie-0.1.2.tgz' } ]
187 info install cookie@0.1.2 into /Users/mac/work/sov_ist/node_modules/client-session
188 info installOne cookie@0.1.2
189 verbose installOne of cookie to /Users/mac/work/sov_ist/node_modules/client-session not in flight; installing
190 verbose lock using /Users/mac/.npm/_locks/cookie-58aebdc848063851.lock for /Users/mac/work/sov_ist/node_modules/client-session/node_modules/cookie
191 silly install write writing cookie 0.1.2 to /Users/mac/work/sov_ist/node_modules/client-session/node_modules/cookie
192 verbose unbuild node_modules/client-session/node_modules/cookie
193 silly gentlyRm /Users/mac/work/sov_ist/node_modules/client-session/node_modules/cookie is being purged from base /Users/mac/work/sov_ist
194 verbose gentlyRm don't care about contents; nuking /Users/mac/work/sov_ist/node_modules/client-session/node_modules/cookie
195 verbose tar unpack /Users/mac/.npm/cookie/0.1.2/package.tgz
196 verbose tar unpacking to /Users/mac/work/sov_ist/node_modules/client-session/node_modules/cookie
197 silly gentlyRm /Users/mac/work/sov_ist/node_modules/client-session/node_modules/cookie is being purged
198 verbose gentlyRm don't care about contents; nuking /Users/mac/work/sov_ist/node_modules/client-session/node_modules/cookie
199 silly gunzTarPerm modes [ '755', '644' ]
200 silly gunzTarPerm extractEntry package.json
201 silly gunzTarPerm extractEntry .npmignore
202 silly gunzTarPerm extractEntry README.md
203 silly gunzTarPerm extractEntry LICENSE
204 silly gunzTarPerm extractEntry index.js
205 verbose write writing to /Users/mac/work/sov_ist/node_modules/client-session/node_modules/cookie/package.json
206 info preinstall cookie@0.1.2
207 verbose readDependencies loading dependencies from /Users/mac/work/sov_ist/node_modules/client-session/node_modules/cookie/package.json
208 verbose readDependencies loading dependencies from /Users/mac/work/sov_ist/node_modules/client-session/node_modules/cookie/package.json
209 silly install resolved []
210 verbose about to build /Users/mac/work/sov_ist/node_modules/client-session/node_modules/cookie
211 info build /Users/mac/work/sov_ist/node_modules/client-session/node_modules/cookie
212 info linkStuff cookie@0.1.2
213 silly linkStuff cookie@0.1.2 has /Users/mac/work/sov_ist/node_modules/client-session/node_modules as its parent node_modules
214 verbose linkBins cookie@0.1.2
215 verbose linkMans cookie@0.1.2
216 verbose rebuildBundles cookie@0.1.2
217 info install cookie@0.1.2
218 info postinstall cookie@0.1.2
219 verbose unlock done using /Users/mac/.npm/_locks/cookie-58aebdc848063851.lock for /Users/mac/work/sov_ist/node_modules/client-session/node_modules/cookie
220 verbose about to build /Users/mac/work/sov_ist/node_modules/client-session
221 info build /Users/mac/work/sov_ist/node_modules/client-session
222 info linkStuff client-session@0.1.7
223 silly linkStuff client-session@0.1.7 has /Users/mac/work/sov_ist/node_modules as its parent node_modules
224 verbose linkBins client-session@0.1.7
225 verbose linkMans client-session@0.1.7
226 verbose rebuildBundles client-session@0.1.7
227 verbose rebuildBundles [ 'cookie' ]
228 info install client-session@0.1.7
229 verbose unsafe-perm in lifecycle true
230 info client-session@0.1.7 Failed to exec install script
231 verbose unlock done using /Users/mac/.npm/_locks/client-session-a579a4a3c7bd8c31.lock for /Users/mac/work/sov_ist/node_modules/client-session
232 verbose stack Error: client-session@0.1.7 install: `node-gyp rebuild`
232 verbose stack Exit status 1
232 verbose stack     at EventEmitter.<anonymous> (/usr/local/lib/node_modules/npm/lib/utils/lifecycle.js:213:16)
232 verbose stack     at EventEmitter.emit (events.js:110:17)
232 verbose stack     at ChildProcess.<anonymous> (/usr/local/lib/node_modules/npm/lib/utils/spawn.js:24:14)
232 verbose stack     at ChildProcess.emit (events.js:110:17)
232 verbose stack     at maybeClose (child_process.js:1015:16)
232 verbose stack     at Process.ChildProcess._handle.onexit (child_process.js:1087:5)
233 verbose pkgid client-session@0.1.7
234 verbose cwd /Users/mac/work/sov_ist
235 error Darwin 14.3.0
236 error argv "node" "/usr/local/bin/npm" "i" "client-session"
237 error node v0.12.4
238 error npm  v2.10.1
239 error code ELIFECYCLE
240 error client-session@0.1.7 install: `node-gyp rebuild`
240 error Exit status 1
241 error Failed at the client-session@0.1.7 install script 'node-gyp rebuild'.
241 error This is most likely a problem with the client-session package,
241 error not with npm itself.
241 error Tell the author that this fails on your system:
241 error     node-gyp rebuild
241 error You can get their info via:
241 error     npm owner ls client-session
241 error There is likely additional logging output above.
242 verbose exit [ 1, true ]
243 verbose unbuild node_modules/client-session
244 info preuninstall client-session@0.1.7
245 info uninstall client-session@0.1.7
246 verbose unbuild rmStuff client-session@0.1.7 from /Users/mac/work/sov_ist/node_modules
247 info postuninstall client-session@0.1.7
248 silly gentlyRm /Users/mac/work/sov_ist/node_modules/client-session is being purged from base /Users/mac/work/sov_ist
249 verbose gentlyRm don't care about contents; nuking /Users/mac/work/sov_ist/node_modules/client-session
250 silly vacuum-fs purging /Users/mac/work/sov_ist/node_modules/client-session
251 silly vacuum-fs quitting because other entries in /Users/mac/work/sov_ist/node_modules
